<?xml version="1.0" encoding="UTF-8"?>
<testng-results ignored="0" total="1" passed="1" failed="0" skipped="0">
  <reporter-output>
  </reporter-output>
  <suite started-at="2019-05-24T22:00:56Z" name="Default suite" finished-at="2019-05-24T22:02:03Z" duration-ms="67451">
    <groups>
    </groups>
    <test started-at="2019-05-24T22:00:56Z" name="Default test" finished-at="2019-05-24T22:02:03Z" duration-ms="67451">
      <class name="com.POM.TestCases.LoginWithInsurance_Test">
        <test-method is-config="true" signature="setup()[pri:0, instance:com.POM.TestCases.LoginWithInsurance_Test@19d481b]" started-at="2019-05-24T22:00:56Z" name="setup" finished-at="2019-05-24T22:01:39Z" duration-ms="43210" status="PASS">
          <reporter-output>
          </reporter-output>
        </test-method> <!-- setup -->
        <test-method signature="verfiy_homepage_correct()[pri:0, instance:com.POM.TestCases.LoginWithInsurance_Test@19d481b]" started-at="2019-05-24T22:01:39Z" name="verfiy_homepage_correct" finished-at="2019-05-24T22:02:03Z" duration-ms="24103" status="PASS">
          <reporter-output>
          </reporter-output>
        </test-method> <!-- verfiy_homepage_correct -->
      </class> <!-- com.POM.TestCases.LoginWithInsurance_Test -->
    </test> <!-- Default test -->
  </suite> <!-- Default suite -->
</testng-results>
